0 info it worked if it ends with ok
1 verbose cli [ '/Users/danmindru/.nvm/versions/node/v4.4.7/bin/node',
1 verbose cli   '/Users/danmindru/.nvm/versions/node/v4.4.7/bin/npm',
1 verbose cli   'run',
1 verbose cli   'deploy' ]
2 info using npm@2.15.8
3 info using node@v4.4.7
4 verbose run-script [ 'predeploy', 'deploy', 'postdeploy' ]
5 info predeploy fadeitdk-blog@0.0.1
6 info deploy fadeitdk-blog@0.0.1
7 verbose unsafe-perm in lifecycle true
8 info fadeitdk-blog@0.0.1 Failed to exec deploy script
9 verbose stack Error: fadeitdk-blog@0.0.1 deploy: `git push origin `git subtree split --prefix _site master`:gh-pages --force`
9 verbose stack Exit status 1
9 verbose stack     at EventEmitter.<anonymous> (/Users/danmindru/.nvm/versions/node/v4.4.7/lib/node_modules/npm/lib/utils/lifecycle.js:217:16)
9 verbose stack     at emitTwo (events.js:87:13)
9 verbose stack     at EventEmitter.emit (events.js:172:7)
9 verbose stack     at ChildProcess.<anonymous> (/Users/danmindru/.nvm/versions/node/v4.4.7/lib/node_modules/npm/lib/utils/spawn.js:24:14)
9 verbose stack     at emitTwo (events.js:87:13)
9 verbose stack     at ChildProcess.emit (events.js:172:7)
9 verbose stack     at maybeClose (internal/child_process.js:827:16)
9 verbose stack     at Process.ChildProcess._handle.onexit (internal/child_process.js:211:5)
10 verbose pkgid fadeitdk-blog@0.0.1
11 verbose cwd /Applications/MAMP/htdocs/github/vuerocks/blog
12 error Darwin 16.3.0
13 error argv "/Users/danmindru/.nvm/versions/node/v4.4.7/bin/node" "/Users/danmindru/.nvm/versions/node/v4.4.7/bin/npm" "run" "deploy"
14 error node v4.4.7
15 error npm  v2.15.8
16 error code ELIFECYCLE
17 error fadeitdk-blog@0.0.1 deploy: `git push origin `git subtree split --prefix _site master`:gh-pages --force`
17 error Exit status 1
18 error Failed at the fadeitdk-blog@0.0.1 deploy script 'git push origin `git subtree split --prefix _site master`:gh-pages --force'.
18 error This is most likely a problem with the fadeitdk-blog package,
18 error not with npm itself.
18 error Tell the author that this fails on your system:
18 error     git push origin `git subtree split --prefix _site master`:gh-pages --force
18 error You can get information on how to open an issue for this project with:
18 error     npm bugs fadeitdk-blog
18 error Or if that isn't available, you can get their info via:
18 error
18 error     npm owner ls fadeitdk-blog
18 error There is likely additional logging output above.
19 verbose exit [ 1, true ]
